<?xml version="1.0" encoding="UTF-8"?>
<!-- Generated by org.testng.reporters.JUnitXMLReporter -->
<testsuite ignored="2" hostname="Amit-Roy" failures="0" tests="2" name="Test2" time="0.299" errors="0" timestamp="2025-09-19T23:28:24 IST">
  <testcase classname="com.Vtiger.Crm.LeadModule.LeadModuleTest" name="leadTest" time="0.007">
    <skipped/>
  </testcase> <!-- leadTest -->
  <testcase classname="com.Vtiger.Crm.LeadModule_Confirm.LeadModuleConfirmTest" name="LeadConfirmTest" time="0.0">
    <skipped/>
  </testcase> <!-- LeadConfirmTest -->
  <testcase classname="com.tyss.crm.GenaricUtility.BaseClass" name="@AfterSuite afterSuit" time="0.0">
    <ignored/>
  </testcase> <!-- @AfterSuite afterSuit -->
  <testcase classname="com.tyss.crm.GenaricUtility.BaseClass" name="@BeforeSuite beforeSuit" time="0.0">
    <ignored/>
  </testcase> <!-- @BeforeSuite beforeSuit -->
</testsuite> <!-- Test2 -->
