<?xml version="1.0" encoding="UTF-8"?>
<!-- Generated by org.testng.reporters.JUnitXMLReporter -->
<testsuite ignored="2" hostname="Amit-Roy" failures="0" tests="2" name="Test -Runner-1" time="118.398" errors="0" timestamp="2025-10-02T02:00:23 IST">
  <testcase classname="com.Vtiger.Crm.LeadModule.LeadModuleTest" name="leadTest" time="59.401"/>
  <testcase classname="com.Vtiger.Crm.LeadModule_Confirm.LeadModuleConfirmTest" name="LeadConfirmTest" time="14.942"/>
  <testcase classname="com.tyss.crm.GenaricUtility.BaseClass" name="@BeforeSuite beforeSuit" time="0.0">
    <ignored/>
  </testcase> <!-- @BeforeSuite beforeSuit -->
  <testcase classname="com.tyss.crm.GenaricUtility.BaseClass" name="@AfterSuite afterSuit" time="0.0">
    <ignored/>
  </testcase> <!-- @AfterSuite afterSuit -->
</testsuite> <!-- Test -Runner-1 -->
