<?xml version="1.0" encoding="UTF-8"?>
<testng-results ignored="2" total="5" passed="3" failed="0" skipped="0">
  <reporter-output>
  </reporter-output>
  <suite started-at="2025-10-02T19:10:07 IST" name="Suite" finished-at="2025-10-02T19:12:24 IST" duration-ms="137577">
    <groups>
    </groups>
    <test started-at="2025-10-02T19:10:07 IST" name="Test" finished-at="2025-10-02T19:11:41 IST" duration-ms="94580">
      <class name="com.Vtiger.Crm.LeadModule.LeadModuleTest">
        <test-method is-config="true" signature="launchBrowser(java.lang.String)[pri:0, instance:com.Vtiger.Crm.LeadModule.LeadModuleTest@ba2f4ec]" started-at="2025-10-02T19:10:07 IST" name="launchBrowser" finished-at="2025-10-02T19:10:13 IST" duration-ms="6556" status="PASS">
          <params>
            <param index="0">
              <value>
                <![CDATA[chrome]]>
              </value>
            </param>
          </params>
          <reporter-output>
          </reporter-output>
        </test-method> <!-- launchBrowser -->
        <test-method is-config="true" signature="loginTest()[pri:0, instance:com.Vtiger.Crm.LeadModule.LeadModuleTest@ba2f4ec]" started-at="2025-10-02T19:10:14 IST" name="loginTest" finished-at="2025-10-02T19:10:21 IST" duration-ms="7500" status="PASS">
          <reporter-output>
          </reporter-output>
        </test-method> <!-- loginTest -->
        <test-method signature="leadTest()[pri:0, instance:com.Vtiger.Crm.LeadModule.LeadModuleTest@ba2f4ec]" started-at="2025-10-02T19:10:21 IST" name="leadTest" finished-at="2025-10-02T19:11:11 IST" duration-ms="49636" status="PASS">
          <reporter-output>
          </reporter-output>
        </test-method> <!-- leadTest -->
        <test-method is-config="true" signature="logout()[pri:0, instance:com.Vtiger.Crm.LeadModule.LeadModuleTest@ba2f4ec]" started-at="2025-10-02T19:11:11 IST" name="logout" finished-at="2025-10-02T19:11:14 IST" duration-ms="3502" status="PASS">
          <reporter-output>
          </reporter-output>
        </test-method> <!-- logout -->
        <test-method is-config="true" signature="closeBrowser()[pri:0, instance:com.Vtiger.Crm.LeadModule.LeadModuleTest@ba2f4ec]" started-at="2025-10-02T19:11:14 IST" name="closeBrowser" finished-at="2025-10-02T19:11:15 IST" duration-ms="769" status="PASS">
          <reporter-output>
          </reporter-output>
        </test-method> <!-- closeBrowser -->
      </class> <!-- com.Vtiger.Crm.LeadModule.LeadModuleTest -->
      <class name="com.Vtiger.Crm.LeadModule_Confirm.LeadModuleConfirmTest">
        <test-method is-config="true" signature="launchBrowser(java.lang.String)[pri:0, instance:com.Vtiger.Crm.LeadModule_Confirm.LeadModuleConfirmTest@24aed80c]" started-at="2025-10-02T19:11:15 IST" name="launchBrowser" finished-at="2025-10-02T19:11:20 IST" duration-ms="4497" status="PASS">
          <params>
            <param index="0">
              <value>
                <![CDATA[chrome]]>
              </value>
            </param>
          </params>
          <reporter-output>
          </reporter-output>
        </test-method> <!-- launchBrowser -->
        <test-method is-config="true" signature="loginTest()[pri:0, instance:com.Vtiger.Crm.LeadModule_Confirm.LeadModuleConfirmTest@24aed80c]" started-at="2025-10-02T19:11:20 IST" name="loginTest" finished-at="2025-10-02T19:11:27 IST" duration-ms="7802" status="PASS">
          <reporter-output>
          </reporter-output>
        </test-method> <!-- loginTest -->
        <test-method signature="LeadConfirmTest()[pri:0, instance:com.Vtiger.Crm.LeadModule_Confirm.LeadModuleConfirmTest@24aed80c]" started-at="2025-10-02T19:11:27 IST" name="LeadConfirmTest" finished-at="2025-10-02T19:11:37 IST" duration-ms="9714" status="PASS">
          <reporter-output>
          </reporter-output>
        </test-method> <!-- LeadConfirmTest -->
        <test-method is-config="true" signature="logout()[pri:0, instance:com.Vtiger.Crm.LeadModule_Confirm.LeadModuleConfirmTest@24aed80c]" started-at="2025-10-02T19:11:37 IST" name="logout" finished-at="2025-10-02T19:11:41 IST" duration-ms="3869" status="PASS">
          <reporter-output>
          </reporter-output>
        </test-method> <!-- logout -->
        <test-method is-config="true" signature="closeBrowser()[pri:0, instance:com.Vtiger.Crm.LeadModule_Confirm.LeadModuleConfirmTest@24aed80c]" started-at="2025-10-02T19:11:41 IST" name="closeBrowser" finished-at="2025-10-02T19:11:41 IST" duration-ms="513" status="PASS">
          <reporter-output>
          </reporter-output>
        </test-method> <!-- closeBrowser -->
      </class> <!-- com.Vtiger.Crm.LeadModule_Confirm.LeadModuleConfirmTest -->
    </test> <!-- Test -->
    <test started-at="2025-10-02T19:11:42 IST" name="T2" finished-at="2025-10-02T19:12:24 IST" duration-ms="42832">
      <class name="com.Vtiger.Crm.LeadModule_Confirm.LeadModuleConfirmTest">
        <test-method is-config="true" signature="beforeSuit()[pri:0, instance:com.Vtiger.Crm.LeadModule_Confirm.LeadModuleConfirmTest@5fbe4146]" started-at="2025-10-02T19:10:07 IST" name="beforeSuit" finished-at="2025-10-02T19:10:07 IST" duration-ms="46" status="PASS">
          <reporter-output>
          </reporter-output>
        </test-method> <!-- beforeSuit -->
        <test-method is-config="true" signature="launchBrowser(java.lang.String)[pri:0, instance:com.Vtiger.Crm.LeadModule_Confirm.LeadModuleConfirmTest@5fbe4146]" started-at="2025-10-02T19:11:42 IST" name="launchBrowser" finished-at="2025-10-02T19:11:57 IST" duration-ms="15326" status="PASS">
          <params>
            <param index="0">
              <value>
                <![CDATA[firefox]]>
              </value>
            </param>
          </params>
          <reporter-output>
          </reporter-output>
        </test-method> <!-- launchBrowser -->
        <test-method is-config="true" signature="loginTest()[pri:0, instance:com.Vtiger.Crm.LeadModule_Confirm.LeadModuleConfirmTest@5fbe4146]" started-at="2025-10-02T19:11:57 IST" name="loginTest" finished-at="2025-10-02T19:12:09 IST" duration-ms="11919" status="PASS">
          <reporter-output>
          </reporter-output>
        </test-method> <!-- loginTest -->
        <test-method signature="LeadConfirmTest()[pri:0, instance:com.Vtiger.Crm.LeadModule_Confirm.LeadModuleConfirmTest@5fbe4146]" started-at="2025-10-02T19:12:09 IST" name="LeadConfirmTest" finished-at="2025-10-02T19:12:18 IST" duration-ms="8806" status="PASS">
          <reporter-output>
          </reporter-output>
        </test-method> <!-- LeadConfirmTest -->
        <test-method is-config="true" signature="logout()[pri:0, instance:com.Vtiger.Crm.LeadModule_Confirm.LeadModuleConfirmTest@5fbe4146]" started-at="2025-10-02T19:12:18 IST" name="logout" finished-at="2025-10-02T19:12:20 IST" duration-ms="2433" status="PASS">
          <reporter-output>
          </reporter-output>
        </test-method> <!-- logout -->
        <test-method is-config="true" signature="closeBrowser()[pri:0, instance:com.Vtiger.Crm.LeadModule_Confirm.LeadModuleConfirmTest@5fbe4146]" started-at="2025-10-02T19:12:20 IST" name="closeBrowser" finished-at="2025-10-02T19:12:24 IST" duration-ms="4330" status="PASS">
          <reporter-output>
          </reporter-output>
        </test-method> <!-- closeBrowser -->
        <test-method is-config="true" signature="afterSuit()[pri:0, instance:com.Vtiger.Crm.LeadModule_Confirm.LeadModuleConfirmTest@5fbe4146]" started-at="2025-10-02T19:12:24 IST" name="afterSuit" finished-at="2025-10-02T19:12:24 IST" duration-ms="2" status="PASS">
          <reporter-output>
          </reporter-output>
        </test-method> <!-- afterSuit -->
      </class> <!-- com.Vtiger.Crm.LeadModule_Confirm.LeadModuleConfirmTest -->
    </test> <!-- T2 -->
  </suite> <!-- Suite -->
</testng-results>
