<?xml version="1.0" encoding="UTF-8"?>
<!-- Generated by org.testng.reporters.JUnitXMLReporter -->
<testsuite ignored="2" hostname="AmitRoy" failures="0" tests="2" name="Test1" time="0.146" errors="0" timestamp="2026-01-19T22:31:01 IST">
  <testcase classname="com.tyss.crm.GenericUtility.BaseClass" name="@BeforeClass launchBrowser" time="-1.768842061843E9">
    <failure type="org.testng.TestNGException" message="
Parameter &amp;apos;BROWSER&amp;apos; is required by BeforeClass on method launchBrowser but has not been marked @Optional or defined
in E:\Advance-Selenium\advanceSelenium\leadSmokeTest.xml">
      <![CDATA[org.testng.TestNGException: 
Parameter 'BROWSER' is required by BeforeClass on method launchBrowser but has not been marked @Optional or defined
in E:\Advance-Selenium\advanceSelenium\leadSmokeTest.xml
at java.base/java.util.ArrayList.forEach(ArrayList.java:1596)
... Removed 22 stack frames]]>
    </failure>
  </testcase> <!-- @BeforeClass launchBrowser -->
  <testcase classname="com.tyss.crm.GenericUtility.BaseClass" name="@BeforeMethod loginTest" time="0.0">
    <skipped/>
  </testcase> <!-- @BeforeMethod loginTest -->
  <testcase classname="com.tyss.crm.GenericUtility.BaseClass" name="@AfterMethod logout" time="0.0">
    <skipped/>
  </testcase> <!-- @AfterMethod logout -->
  <testcase classname="com.tyss.crm.GenericUtility.BaseClass" name="@AfterClass closeBrowser" time="0.0">
    <skipped/>
  </testcase> <!-- @AfterClass closeBrowser -->
  <testcase classname="com.tyss.crm.GenericUtility.BaseClass" name="@BeforeClass launchBrowser" time="-1.768842061926E9">
    <failure type="org.testng.TestNGException" message="
Parameter &amp;apos;BROWSER&amp;apos; is required by BeforeClass on method launchBrowser but has not been marked @Optional or defined
in E:\Advance-Selenium\advanceSelenium\leadSmokeTest.xml">
      <![CDATA[org.testng.TestNGException: 
Parameter 'BROWSER' is required by BeforeClass on method launchBrowser but has not been marked @Optional or defined
in E:\Advance-Selenium\advanceSelenium\leadSmokeTest.xml
at java.base/java.util.ArrayList.forEach(ArrayList.java:1596)
... Removed 22 stack frames]]>
    </failure>
  </testcase> <!-- @BeforeClass launchBrowser -->
  <testcase classname="com.tyss.crm.GenericUtility.BaseClass" name="@BeforeMethod loginTest" time="0.0">
    <skipped/>
  </testcase> <!-- @BeforeMethod loginTest -->
  <testcase classname="com.tyss.crm.GenericUtility.BaseClass" name="@AfterMethod logout" time="0.0">
    <skipped/>
  </testcase> <!-- @AfterMethod logout -->
  <testcase classname="com.tyss.crm.GenericUtility.BaseClass" name="@AfterClass closeBrowser" time="0.0">
    <skipped/>
  </testcase> <!-- @AfterClass closeBrowser -->
  <testcase classname="com.Vtiger.Crm.LeadModule.LeadModuleTest" name="leadTest" time="0.0">
    <skipped/>
  </testcase> <!-- leadTest -->
  <testcase classname="com.Vtiger.Crm.LeadModule_Confirm.LeadModuleConfirmTest" name="LeadConfirmTest" time="0.001">
    <skipped/>
  </testcase> <!-- LeadConfirmTest -->
  <testcase classname="com.tyss.crm.GenericUtility.BaseClass" name="@BeforeSuite beforeSuit" time="0.0">
    <ignored/>
  </testcase> <!-- @BeforeSuite beforeSuit -->
  <testcase classname="com.tyss.crm.GenericUtility.BaseClass" name="@AfterSuite afterSuit" time="0.0">
    <ignored/>
  </testcase> <!-- @AfterSuite afterSuit -->
</testsuite> <!-- Test1 -->
