<?xml version="1.0" encoding="UTF-8"?>
<testng-results ignored="4" total="8" passed="4" failed="0" skipped="0">
  <reporter-output>
  </reporter-output>
  <suite started-at="2025-10-18T18:13:27 IST" name="Suite-1" finished-at="2025-10-18T18:15:32 IST" duration-ms="124873">
    <groups>
    </groups>
    <test started-at="2025-10-18T18:13:27 IST" name="test-Runner2-firefox" finished-at="2025-10-18T18:15:20 IST" duration-ms="112783">
      <class name="com.Vtiger.Crm.LeadModule.LeadModuleTest">
        <test-method is-config="true" signature="beforeSuit()[pri:0, instance:com.Vtiger.Crm.LeadModule.LeadModuleTest@1e800aaa]" started-at="2025-10-18T18:13:27 IST" name="beforeSuit" finished-at="2025-10-18T18:13:27 IST" duration-ms="28" status="PASS">
          <reporter-output>
          </reporter-output>
        </test-method> <!-- beforeSuit -->
        <test-method is-config="true" signature="launchBrowser(java.lang.String)[pri:0, instance:com.Vtiger.Crm.LeadModule.LeadModuleTest@1e800aaa]" started-at="2025-10-18T18:13:28 IST" name="launchBrowser" finished-at="2025-10-18T18:13:37 IST" duration-ms="9323" status="PASS">
          <params>
            <param index="0">
              <value>
                <![CDATA[firefox]]>
              </value>
            </param>
          </params>
          <reporter-output>
          </reporter-output>
        </test-method> <!-- launchBrowser -->
        <test-method is-config="true" signature="loginTest()[pri:0, instance:com.Vtiger.Crm.LeadModule.LeadModuleTest@1e800aaa]" started-at="2025-10-18T18:13:37 IST" name="loginTest" finished-at="2025-10-18T18:13:53 IST" duration-ms="16156" status="PASS">
          <reporter-output>
          </reporter-output>
        </test-method> <!-- loginTest -->
        <test-method signature="leadTest()[pri:0, instance:com.Vtiger.Crm.LeadModule.LeadModuleTest@1e800aaa]" started-at="2025-10-18T18:13:53 IST" name="leadTest" finished-at="2025-10-18T18:14:41 IST" duration-ms="47990" status="PASS">
          <reporter-output>
          </reporter-output>
        </test-method> <!-- leadTest -->
        <test-method is-config="true" signature="logout()[pri:0, instance:com.Vtiger.Crm.LeadModule.LeadModuleTest@1e800aaa]" started-at="2025-10-18T18:14:41 IST" name="logout" finished-at="2025-10-18T18:14:43 IST" duration-ms="2339" status="PASS">
          <reporter-output>
          </reporter-output>
        </test-method> <!-- logout -->
        <test-method is-config="true" signature="closeBrowser()[pri:0, instance:com.Vtiger.Crm.LeadModule.LeadModuleTest@1e800aaa]" started-at="2025-10-18T18:14:43 IST" name="closeBrowser" finished-at="2025-10-18T18:14:47 IST" duration-ms="3357" status="PASS">
          <reporter-output>
          </reporter-output>
        </test-method> <!-- closeBrowser -->
        <test-method is-config="true" signature="afterSuit()[pri:0, instance:com.Vtiger.Crm.LeadModule.LeadModuleTest@1e800aaa]" started-at="2025-10-18T18:15:32 IST" name="afterSuit" finished-at="2025-10-18T18:15:32 IST" duration-ms="1" status="PASS">
          <reporter-output>
          </reporter-output>
        </test-method> <!-- afterSuit -->
      </class> <!-- com.Vtiger.Crm.LeadModule.LeadModuleTest -->
      <class name="com.Vtiger.Crm.LeadModule_Confirm.LeadModuleConfirmTest">
        <test-method is-config="true" signature="launchBrowser(java.lang.String)[pri:0, instance:com.Vtiger.Crm.LeadModule_Confirm.LeadModuleConfirmTest@185a6e9]" started-at="2025-10-18T18:14:47 IST" name="launchBrowser" finished-at="2025-10-18T18:14:52 IST" duration-ms="5258" status="PASS">
          <params>
            <param index="0">
              <value>
                <![CDATA[firefox]]>
              </value>
            </param>
          </params>
          <reporter-output>
          </reporter-output>
        </test-method> <!-- launchBrowser -->
        <test-method is-config="true" signature="loginTest()[pri:0, instance:com.Vtiger.Crm.LeadModule_Confirm.LeadModuleConfirmTest@185a6e9]" started-at="2025-10-18T18:14:52 IST" name="loginTest" finished-at="2025-10-18T18:15:07 IST" duration-ms="14951" status="PASS">
          <reporter-output>
          </reporter-output>
        </test-method> <!-- loginTest -->
        <test-method signature="LeadConfirmTest()[pri:0, instance:com.Vtiger.Crm.LeadModule_Confirm.LeadModuleConfirmTest@185a6e9]" started-at="2025-10-18T18:15:07 IST" name="LeadConfirmTest" finished-at="2025-10-18T18:15:15 IST" duration-ms="7634" status="PASS">
          <reporter-output>
          </reporter-output>
        </test-method> <!-- LeadConfirmTest -->
        <test-method is-config="true" signature="logout()[pri:0, instance:com.Vtiger.Crm.LeadModule_Confirm.LeadModuleConfirmTest@185a6e9]" started-at="2025-10-18T18:15:15 IST" name="logout" finished-at="2025-10-18T18:15:17 IST" duration-ms="2280" status="PASS">
          <reporter-output>
          </reporter-output>
        </test-method> <!-- logout -->
        <test-method is-config="true" signature="closeBrowser()[pri:0, instance:com.Vtiger.Crm.LeadModule_Confirm.LeadModuleConfirmTest@185a6e9]" started-at="2025-10-18T18:15:17 IST" name="closeBrowser" finished-at="2025-10-18T18:15:20 IST" duration-ms="3451" status="PASS">
          <reporter-output>
          </reporter-output>
        </test-method> <!-- closeBrowser -->
      </class> <!-- com.Vtiger.Crm.LeadModule_Confirm.LeadModuleConfirmTest -->
    </test> <!-- test-Runner2-firefox -->
    <test started-at="2025-10-18T18:13:27 IST" name="test-runner1-chrome" finished-at="2025-10-18T18:15:32 IST" duration-ms="124873">
      <class name="com.Vtiger.Crm.LeadModule.LeadModuleTest">
        <test-method is-config="true" signature="launchBrowser(java.lang.String)[pri:0, instance:com.Vtiger.Crm.LeadModule.LeadModuleTest@51399530]" started-at="2025-10-18T18:13:28 IST" name="launchBrowser" finished-at="2025-10-18T18:13:33 IST" duration-ms="5024" status="PASS">
          <params>
            <param index="0">
              <value>
                <![CDATA[chrome]]>
              </value>
            </param>
          </params>
          <reporter-output>
          </reporter-output>
        </test-method> <!-- launchBrowser -->
        <test-method is-config="true" signature="loginTest()[pri:0, instance:com.Vtiger.Crm.LeadModule.LeadModuleTest@51399530]" started-at="2025-10-18T18:13:33 IST" name="loginTest" finished-at="2025-10-18T18:13:43 IST" duration-ms="10275" status="PASS">
          <reporter-output>
          </reporter-output>
        </test-method> <!-- loginTest -->
        <test-method signature="leadTest()[pri:0, instance:com.Vtiger.Crm.LeadModule.LeadModuleTest@51399530]" started-at="2025-10-18T18:13:43 IST" name="leadTest" finished-at="2025-10-18T18:14:46 IST" duration-ms="62995" status="PASS">
          <reporter-output>
          </reporter-output>
        </test-method> <!-- leadTest -->
        <test-method is-config="true" signature="logout()[pri:0, instance:com.Vtiger.Crm.LeadModule.LeadModuleTest@51399530]" started-at="2025-10-18T18:14:46 IST" name="logout" finished-at="2025-10-18T18:14:49 IST" duration-ms="2931" status="PASS">
          <reporter-output>
          </reporter-output>
        </test-method> <!-- logout -->
        <test-method is-config="true" signature="closeBrowser()[pri:0, instance:com.Vtiger.Crm.LeadModule.LeadModuleTest@51399530]" started-at="2025-10-18T18:14:49 IST" name="closeBrowser" finished-at="2025-10-18T18:14:50 IST" duration-ms="787" status="PASS">
          <reporter-output>
          </reporter-output>
        </test-method> <!-- closeBrowser -->
      </class> <!-- com.Vtiger.Crm.LeadModule.LeadModuleTest -->
      <class name="com.Vtiger.Crm.LeadModule_Confirm.LeadModuleConfirmTest">
        <test-method is-config="true" signature="launchBrowser(java.lang.String)[pri:0, instance:com.Vtiger.Crm.LeadModule_Confirm.LeadModuleConfirmTest@4afcd809]" started-at="2025-10-18T18:14:50 IST" name="launchBrowser" finished-at="2025-10-18T18:14:53 IST" duration-ms="3396" status="PASS">
          <params>
            <param index="0">
              <value>
                <![CDATA[chrome]]>
              </value>
            </param>
          </params>
          <reporter-output>
          </reporter-output>
        </test-method> <!-- launchBrowser -->
        <test-method is-config="true" signature="loginTest()[pri:0, instance:com.Vtiger.Crm.LeadModule_Confirm.LeadModuleConfirmTest@4afcd809]" started-at="2025-10-18T18:14:53 IST" name="loginTest" finished-at="2025-10-18T18:15:22 IST" duration-ms="28643" status="PASS">
          <reporter-output>
          </reporter-output>
        </test-method> <!-- loginTest -->
        <test-method signature="LeadConfirmTest()[pri:0, instance:com.Vtiger.Crm.LeadModule_Confirm.LeadModuleConfirmTest@4afcd809]" started-at="2025-10-18T18:15:22 IST" name="LeadConfirmTest" finished-at="2025-10-18T18:15:29 IST" duration-ms="7703" status="PASS">
          <reporter-output>
          </reporter-output>
        </test-method> <!-- LeadConfirmTest -->
        <test-method is-config="true" signature="logout()[pri:0, instance:com.Vtiger.Crm.LeadModule_Confirm.LeadModuleConfirmTest@4afcd809]" started-at="2025-10-18T18:15:29 IST" name="logout" finished-at="2025-10-18T18:15:32 IST" duration-ms="2872" status="PASS">
          <reporter-output>
          </reporter-output>
        </test-method> <!-- logout -->
        <test-method is-config="true" signature="closeBrowser()[pri:0, instance:com.Vtiger.Crm.LeadModule_Confirm.LeadModuleConfirmTest@4afcd809]" started-at="2025-10-18T18:15:32 IST" name="closeBrowser" finished-at="2025-10-18T18:15:32 IST" duration-ms="201" status="PASS">
          <reporter-output>
          </reporter-output>
        </test-method> <!-- closeBrowser -->
      </class> <!-- com.Vtiger.Crm.LeadModule_Confirm.LeadModuleConfirmTest -->
    </test> <!-- test-runner1-chrome -->
  </suite> <!-- Suite-1 -->
</testng-results>
